<?xml version="1.0" encoding="UTF-8"?>
<!-- Generated by org.testng.reporters.JUnitReportReporter -->
<testsuite hostname="RU1207211827" name="com.example.tests.GroupCreationTests" tests="4" failures="4" timestamp="20 Jul 2015 10:05:01 GMT" time="0.012" errors="0">
  <testcase name="testGroupCreationValidData" time="0.001" classname="com.example.tests.GroupCreationTests">
    <failure type="java.lang.Error" message="Unresolved compilation problems: 
	Duplicate methods named spliterator with the parameters () and () are inherited from the types List&lt;T&gt; and Collection&lt;T&gt;
	Duplicate methods named spliterator with the parameters () and () are inherited from the types Collection&lt;T&gt; and Iterable&lt;T&gt;
">
      <![CDATA[java.lang.Error: Unresolved compilation problems: 
	Duplicate methods named spliterator with the parameters () and () are inherited from the types List<T> and Collection<T>
	Duplicate methods named spliterator with the parameters () and () are inherited from the types Collection<T> and Iterable<T>

	at com.example.utils.SortedListOf.<init>(SortedListOf.java:11)
	at com.example.fw.GroupHelper.rebuildCache(GroupHelper.java:28)
	at com.example.fw.GroupHelper.getGroups(GroupHelper.java:23)
	at com.example.tests.GroupCreationTests.testGroupCreationValidData(GroupCreationTests.java:30)
	at sun.reflect.NativeMethodAccessorImpl.invoke0(Native Method)
	at sun.reflect.NativeMethodAccessorImpl.invoke(Unknown Source)
	at sun.reflect.DelegatingMethodAccessorImpl.invoke(Unknown Source)
	at java.lang.reflect.Method.invoke(Unknown Source)
	at org.testng.internal.MethodInvocationHelper.invokeMethod(MethodInvocationHelper.java:84)
	at org.testng.internal.Invoker.invokeMethod(Invoker.java:714)
	at org.testng.internal.Invoker.invokeTestMethod(Invoker.java:901)
	at org.testng.internal.Invoker.invokeTestMethods(Invoker.java:1231)
	at org.testng.internal.TestMethodWorker.invokeTestMethods(TestMethodWorker.java:127)
	at org.testng.internal.TestMethodWorker.run(TestMethodWorker.java:111)
	at org.testng.TestRunner.privateRun(TestRunner.java:767)
	at org.testng.TestRunner.run(TestRunner.java:617)
	at org.testng.SuiteRunner.runTest(SuiteRunner.java:334)
	at org.testng.SuiteRunner.runSequentially(SuiteRunner.java:329)
	at org.testng.SuiteRunner.privateRun(SuiteRunner.java:291)
	at org.testng.SuiteRunner.run(SuiteRunner.java:240)
	at org.testng.SuiteRunnerWorker.runSuite(SuiteRunnerWorker.java:52)
	at org.testng.SuiteRunnerWorker.run(SuiteRunnerWorker.java:86)
	at org.testng.TestNG.runSuitesSequentially(TestNG.java:1224)
	at org.testng.TestNG.runSuitesLocally(TestNG.java:1149)
	at org.testng.TestNG.run(TestNG.java:1057)
	at org.testng.remote.RemoteTestNG.run(RemoteTestNG.java:111)
	at org.testng.remote.RemoteTestNG.initAndRun(RemoteTestNG.java:204)
	at org.testng.remote.RemoteTestNG.main(RemoteTestNG.java:175)
]]>
    </failure>
  </testcase> <!-- testGroupCreationValidData -->
  <testcase name="testGroupCreationValidData" time="0.001" classname="com.example.tests.GroupCreationTests">
    <failure type="java.lang.Error" message="Unresolved compilation problems: 
	Duplicate methods named spliterator with the parameters () and () are inherited from the types List&lt;T&gt; and Collection&lt;T&gt;
	Duplicate methods named spliterator with the parameters () and () are inherited from the types Collection&lt;T&gt; and Iterable&lt;T&gt;
">
      <![CDATA[java.lang.Error: Unresolved compilation problems: 
	Duplicate methods named spliterator with the parameters () and () are inherited from the types List<T> and Collection<T>
	Duplicate methods named spliterator with the parameters () and () are inherited from the types Collection<T> and Iterable<T>

	at com.example.utils.SortedListOf.<init>(SortedListOf.java:11)
	at com.example.fw.GroupHelper.rebuildCache(GroupHelper.java:28)
	at com.example.fw.GroupHelper.getGroups(GroupHelper.java:23)
	at com.example.tests.GroupCreationTests.testGroupCreationValidData(GroupCreationTests.java:30)
	at sun.reflect.NativeMethodAccessorImpl.invoke0(Native Method)
	at sun.reflect.NativeMethodAccessorImpl.invoke(Unknown Source)
	at sun.reflect.DelegatingMethodAccessorImpl.invoke(Unknown Source)
	at java.lang.reflect.Method.invoke(Unknown Source)
	at org.testng.internal.MethodInvocationHelper.invokeMethod(MethodInvocationHelper.java:84)
	at org.testng.internal.Invoker.invokeMethod(Invoker.java:714)
	at org.testng.internal.Invoker.invokeTestMethod(Invoker.java:901)
	at org.testng.internal.Invoker.invokeTestMethods(Invoker.java:1231)
	at org.testng.internal.TestMethodWorker.invokeTestMethods(TestMethodWorker.java:127)
	at org.testng.internal.TestMethodWorker.run(TestMethodWorker.java:111)
	at org.testng.TestRunner.privateRun(TestRunner.java:767)
	at org.testng.TestRunner.run(TestRunner.java:617)
	at org.testng.SuiteRunner.runTest(SuiteRunner.java:334)
	at org.testng.SuiteRunner.runSequentially(SuiteRunner.java:329)
	at org.testng.SuiteRunner.privateRun(SuiteRunner.java:291)
	at org.testng.SuiteRunner.run(SuiteRunner.java:240)
	at org.testng.SuiteRunnerWorker.runSuite(SuiteRunnerWorker.java:52)
	at org.testng.SuiteRunnerWorker.run(SuiteRunnerWorker.java:86)
	at org.testng.TestNG.runSuitesSequentially(TestNG.java:1224)
	at org.testng.TestNG.runSuitesLocally(TestNG.java:1149)
	at org.testng.TestNG.run(TestNG.java:1057)
	at org.testng.remote.RemoteTestNG.run(RemoteTestNG.java:111)
	at org.testng.remote.RemoteTestNG.initAndRun(RemoteTestNG.java:204)
	at org.testng.remote.RemoteTestNG.main(RemoteTestNG.java:175)
]]>
    </failure>
  </testcase> <!-- testGroupCreationValidData -->
  <testcase name="testGroupCreationValidData" time="0.010" classname="com.example.tests.GroupCreationTests">
    <failure type="java.lang.Error" message="Unresolved compilation problems: 
	Duplicate methods named spliterator with the parameters () and () are inherited from the types List&lt;T&gt; and Collection&lt;T&gt;
	Duplicate methods named spliterator with the parameters () and () are inherited from the types Collection&lt;T&gt; and Iterable&lt;T&gt;
">
      <![CDATA[java.lang.Error: Unresolved compilation problems: 
	Duplicate methods named spliterator with the parameters () and () are inherited from the types List<T> and Collection<T>
	Duplicate methods named spliterator with the parameters () and () are inherited from the types Collection<T> and Iterable<T>

	at com.example.utils.SortedListOf.<init>(SortedListOf.java:11)
	at com.example.fw.GroupHelper.rebuildCache(GroupHelper.java:28)
	at com.example.fw.GroupHelper.getGroups(GroupHelper.java:23)
	at com.example.tests.GroupCreationTests.testGroupCreationValidData(GroupCreationTests.java:30)
	at sun.reflect.NativeMethodAccessorImpl.invoke0(Native Method)
	at sun.reflect.NativeMethodAccessorImpl.invoke(Unknown Source)
	at sun.reflect.DelegatingMethodAccessorImpl.invoke(Unknown Source)
	at java.lang.reflect.Method.invoke(Unknown Source)
	at org.testng.internal.MethodInvocationHelper.invokeMethod(MethodInvocationHelper.java:84)
	at org.testng.internal.Invoker.invokeMethod(Invoker.java:714)
	at org.testng.internal.Invoker.invokeTestMethod(Invoker.java:901)
	at org.testng.internal.Invoker.invokeTestMethods(Invoker.java:1231)
	at org.testng.internal.TestMethodWorker.invokeTestMethods(TestMethodWorker.java:127)
	at org.testng.internal.TestMethodWorker.run(TestMethodWorker.java:111)
	at org.testng.TestRunner.privateRun(TestRunner.java:767)
	at org.testng.TestRunner.run(TestRunner.java:617)
	at org.testng.SuiteRunner.runTest(SuiteRunner.java:334)
	at org.testng.SuiteRunner.runSequentially(SuiteRunner.java:329)
	at org.testng.SuiteRunner.privateRun(SuiteRunner.java:291)
	at org.testng.SuiteRunner.run(SuiteRunner.java:240)
	at org.testng.SuiteRunnerWorker.runSuite(SuiteRunnerWorker.java:52)
	at org.testng.SuiteRunnerWorker.run(SuiteRunnerWorker.java:86)
	at org.testng.TestNG.runSuitesSequentially(TestNG.java:1224)
	at org.testng.TestNG.runSuitesLocally(TestNG.java:1149)
	at org.testng.TestNG.run(TestNG.java:1057)
	at org.testng.remote.RemoteTestNG.run(RemoteTestNG.java:111)
	at org.testng.remote.RemoteTestNG.initAndRun(RemoteTestNG.java:204)
	at org.testng.remote.RemoteTestNG.main(RemoteTestNG.java:175)
]]>
    </failure>
  </testcase> <!-- testGroupCreationValidData -->
  <testcase name="testGroupCreationValidData" time="0.000" classname="com.example.tests.GroupCreationTests">
    <failure type="java.lang.Error" message="Unresolved compilation problems: 
	Duplicate methods named spliterator with the parameters () and () are inherited from the types List&lt;T&gt; and Collection&lt;T&gt;
	Duplicate methods named spliterator with the parameters () and () are inherited from the types Collection&lt;T&gt; and Iterable&lt;T&gt;
">
      <![CDATA[java.lang.Error: Unresolved compilation problems: 
	Duplicate methods named spliterator with the parameters () and () are inherited from the types List<T> and Collection<T>
	Duplicate methods named spliterator with the parameters () and () are inherited from the types Collection<T> and Iterable<T>

	at com.example.utils.SortedListOf.<init>(SortedListOf.java:11)
	at com.example.fw.GroupHelper.rebuildCache(GroupHelper.java:28)
	at com.example.fw.GroupHelper.getGroups(GroupHelper.java:23)
	at com.example.tests.GroupCreationTests.testGroupCreationValidData(GroupCreationTests.java:30)
	at sun.reflect.NativeMethodAccessorImpl.invoke0(Native Method)
	at sun.reflect.NativeMethodAccessorImpl.invoke(Unknown Source)
	at sun.reflect.DelegatingMethodAccessorImpl.invoke(Unknown Source)
	at java.lang.reflect.Method.invoke(Unknown Source)
	at org.testng.internal.MethodInvocationHelper.invokeMethod(MethodInvocationHelper.java:84)
	at org.testng.internal.Invoker.invokeMethod(Invoker.java:714)
	at org.testng.internal.Invoker.invokeTestMethod(Invoker.java:901)
	at org.testng.internal.Invoker.invokeTestMethods(Invoker.java:1231)
	at org.testng.internal.TestMethodWorker.invokeTestMethods(TestMethodWorker.java:127)
	at org.testng.internal.TestMethodWorker.run(TestMethodWorker.java:111)
	at org.testng.TestRunner.privateRun(TestRunner.java:767)
	at org.testng.TestRunner.run(TestRunner.java:617)
	at org.testng.SuiteRunner.runTest(SuiteRunner.java:334)
	at org.testng.SuiteRunner.runSequentially(SuiteRunner.java:329)
	at org.testng.SuiteRunner.privateRun(SuiteRunner.java:291)
	at org.testng.SuiteRunner.run(SuiteRunner.java:240)
	at org.testng.SuiteRunnerWorker.runSuite(SuiteRunnerWorker.java:52)
	at org.testng.SuiteRunnerWorker.run(SuiteRunnerWorker.java:86)
	at org.testng.TestNG.runSuitesSequentially(TestNG.java:1224)
	at org.testng.TestNG.runSuitesLocally(TestNG.java:1149)
	at org.testng.TestNG.run(TestNG.java:1057)
	at org.testng.remote.RemoteTestNG.run(RemoteTestNG.java:111)
	at org.testng.remote.RemoteTestNG.initAndRun(RemoteTestNG.java:204)
	at org.testng.remote.RemoteTestNG.main(RemoteTestNG.java:175)
]]>
    </failure>
  </testcase> <!-- testGroupCreationValidData -->
</testsuite> <!-- com.example.tests.GroupCreationTests -->
